<?xml version="1.0" encoding="UTF-8"?>
<testsuite name="com.galvanize.LightSaberTest" tests="6" skipped="0" failures="0" errors="0" timestamp="2020-08-05T16:07:47" hostname="Jessicas-MacBook-Pro-4.local" time="0.035">
  <properties/>
  <testcase name="itCreatesASerialNumber()" classname="com.galvanize.LightSaberTest" time="0.015"/>
  <testcase name="itCanChangeColor()" classname="com.galvanize.LightSaberTest" time="0.004"/>
  <testcase name="itDecreasesTheCharge()" classname="com.galvanize.LightSaberTest" time="0.001"/>
  <testcase name="itCalculatesTimeRemaining()" classname="com.galvanize.LightSaberTest" time="0.001"/>
  <testcase name="itCanSetACharge()" classname="com.galvanize.LightSaberTest" time="0.002"/>
  <testcase name="itRecharges()" classname="com.galvanize.LightSaberTest" time="0.001"/>
  <system-out><![CDATA[]]></system-out>
  <system-err><![CDATA[]]></system-err>
</testsuite>
